<?xml version="1.0" encoding="UTF-8"?>
<!-- Generated by org.testng.reporters.JUnitXMLReporter -->
<testsuite hostname="shammika-HP-EliteBook-840-G7-Notebook-PC" ignored="0" name="Cucumber Runner" tests="2" failures="2" timestamp="2021-10-28T06:55:02 IST" time="1.162" errors="0">
  <testcase name="runScenario" time="0.69" classname="io.cucumber.testng.AbstractTestNGCucumberTests">
    <failure type="java.lang.NullPointerException">
      <![CDATA[java.lang.NullPointerException
at zoho.managers.WebDriverManager.openBrowser(WebDriverManager.java:53)
at zoho.pages.HomePage.load(HomePage.java:16)
at zoho.teststeps.Session.zohoLogin(Session.java:23)
at ✽.I am logged in zoho.com(file:///home/shammika/Downloads/testproject3/Selenium%20Code/Cucumber/ZOHOCucumberPOM/src/test/resources/zoho/leads.feature:24)
]]>
    </failure>
  </testcase> <!-- runScenario -->
  <testcase name="runScenario" time="0.69" classname="io.cucumber.testng.AbstractTestNGCucumberTests">
    <failure type="java.lang.NullPointerException">
      <![CDATA[java.lang.NullPointerException
at zoho.managers.WebDriverManager.openBrowser(WebDriverManager.java:53)
at zoho.pages.HomePage.load(HomePage.java:16)
at zoho.teststeps.Session.zohoLogin(Session.java:23)
at ✽.I am logged in zoho.com(file:///home/shammika/Downloads/testproject3/Selenium%20Code/Cucumber/ZOHOCucumberPOM/src/test/resources/zoho/leads.feature:24)
]]>
    </failure>
  </testcase> <!-- runScenario -->
</testsuite> <!-- Cucumber Runner -->
